[2025-12-18 18:51:23] [INFO] Scheduler PRO iniciado. Intervalo dinámico activado.
[2025-12-18 18:51:23] [INFO] ENGINE: No hay tareas para procesar.
[2025-12-18 18:51:23] [DEBUG] [Scheduler] Carga ligera detectada (0.008s). Nuevo intervalo: 25s
[2025-12-18 18:51:23] [INFO] Scheduler Inteligente activado. Modo Híbrido PRO.
[2025-12-18 18:51:23] [INFO] Scheduler PRO iniciado. Intervalo dinámico activado.
[2025-12-18 18:51:23] [INFO] ENGINE: No hay tareas para procesar.
[2025-12-18 18:51:23] [DEBUG] [Scheduler] Carga ligera detectada (0.004s). Nuevo intervalo: 25s
[2025-12-18 18:51:48] [INFO] ENGINE: No hay tareas para procesar.
[2025-12-18 18:51:48] [DEBUG] [Scheduler] Carga ligera detectada (0.004s). Nuevo intervalo: 20s
[2025-12-18 18:51:48] [INFO] ENGINE: No hay tareas para procesar.
[2025-12-18 18:51:48] [DEBUG] [Scheduler] Carga ligera detectada (0.004s). Nuevo intervalo: 20s
[2025-12-18 18:52:08] [INFO] ENGINE: No hay tareas para procesar.
[2025-12-18 18:52:08] [DEBUG] [Scheduler] Carga ligera detectada (0.004s). Nuevo intervalo: 15s
[2025-12-18 18:52:08] [INFO] ENGINE: No hay tareas para procesar.
[2025-12-18 18:52:08] [DEBUG] [Scheduler] Carga ligera detectada (0.003s). Nuevo intervalo: 15s
[2025-12-18 18:52:23] [INFO] ENGINE: No hay tareas para procesar.
[2025-12-18 18:52:23] [DEBUG] [Scheduler] Carga ligera detectada (0.004s). Nuevo intervalo: 15s
[2025-12-18 18:52:23] [INFO] ENGINE: No hay tareas para procesar.
[2025-12-18 18:52:23] [DEBUG] [Scheduler] Carga ligera detectada (0.004s). Nuevo intervalo: 15s
[2025-12-18 18:52:38] [INFO] ENGINE: No hay tareas para procesar.
[2025-12-18 18:52:38] [DEBUG] [Scheduler] Carga ligera detectada (0.004s). Nuevo intervalo: 15s
[2025-12-18 18:52:38] [INFO] ENGINE: No hay tareas para procesar.
[2025-12-18 18:52:38] [DEBUG] [Scheduler] Carga ligera detectada (0.004s). Nuevo intervalo: 15s
[2025-12-18 18:52:53] [INFO] ENGINE: No hay tareas para procesar.
[2025-12-18 18:52:53] [DEBUG] [Scheduler] Carga ligera detectada (0.004s). Nuevo intervalo: 15s
[2025-12-18 18:52:53] [INFO] ENGINE: No hay tareas para procesar.
[2025-12-18 18:52:53] [DEBUG] [Scheduler] Carga ligera detectada (0.003s). Nuevo intervalo: 15s
[2025-12-18 18:53:08] [INFO] ENGINE: No hay tareas para procesar.
[2025-12-18 18:53:08] [DEBUG] [Scheduler] Carga ligera detectada (0.004s). Nuevo intervalo: 15s
[2025-12-18 18:53:08] [INFO] ENGINE: No hay tareas para procesar.
[2025-12-18 18:53:08] [DEBUG] [Scheduler] Carga ligera detectada (0.004s). Nuevo intervalo: 15s
[2025-12-18 18:53:23] [INFO] ENGINE: No hay tareas para procesar.
[2025-12-18 18:53:23] [DEBUG] [Scheduler] Carga ligera detectada (0.004s). Nuevo intervalo: 15s
[2025-12-18 18:53:23] [INFO] ENGINE: No hay tareas para procesar.
[2025-12-18 18:53:23] [DEBUG] [Scheduler] Carga ligera detectada (0.004s). Nuevo intervalo: 15s
[2025-12-18 18:53:38] [INFO] ENGINE: No hay tareas para procesar.
[2025-12-18 18:53:38] [DEBUG] [Scheduler] Carga ligera detectada (0.004s). Nuevo intervalo: 15s
[2025-12-18 18:53:38] [INFO] ENGINE: No hay tareas para procesar.
[2025-12-18 18:53:38] [DEBUG] [Scheduler] Carga ligera detectada (0.005s). Nuevo intervalo: 15s
[2025-12-18 18:53:53] [INFO] ENGINE: No hay tareas para procesar.
[2025-12-18 18:53:53] [DEBUG] [Scheduler] Carga ligera detectada (0.004s). Nuevo intervalo: 15s
[2025-12-18 18:53:53] [INFO] ENGINE: No hay tareas para procesar.
[2025-12-18 18:53:53] [DEBUG] [Scheduler] Carga ligera detectada (0.004s). Nuevo intervalo: 15s
[2025-12-18 18:54:08] [INFO] ENGINE: No hay tareas para procesar.
[2025-12-18 18:54:08] [DEBUG] [Scheduler] Carga ligera detectada (0.004s). Nuevo intervalo: 15s
[2025-12-18 18:54:08] [INFO] ENGINE: No hay tareas para procesar.
[2025-12-18 18:54:08] [DEBUG] [Scheduler] Carga ligera detectada (0.004s). Nuevo intervalo: 15s
[2025-12-18 18:54:23] [INFO] ENGINE: No hay tareas para procesar.
[2025-12-18 18:54:23] [DEBUG] [Scheduler] Carga ligera detectada (0.004s). Nuevo intervalo: 15s
[2025-12-18 18:54:23] [INFO] ENGINE: No hay tareas para procesar.
[2025-12-18 18:54:23] [DEBUG] [Scheduler] Carga ligera detectada (0.004s). Nuevo intervalo: 15s
[2025-12-18 18:54:38] [INFO] ENGINE: No hay tareas para procesar.
[2025-12-18 18:54:38] [DEBUG] [Scheduler] Carga ligera detectada (0.004s). Nuevo intervalo: 15s
[2025-12-18 18:54:38] [INFO] ENGINE: No hay tareas para procesar.
[2025-12-18 18:54:38] [DEBUG] [Scheduler] Carga ligera detectada (0.004s). Nuevo intervalo: 15s
[2025-12-18 18:54:53] [INFO] ENGINE: No hay tareas para procesar.
[2025-12-18 18:54:53] [DEBUG] [Scheduler] Carga ligera detectada (0.004s). Nuevo intervalo: 15s
[2025-12-18 18:54:53] [INFO] ENGINE: No hay tareas para procesar.
[2025-12-18 18:54:53] [DEBUG] [Scheduler] Carga ligera detectada (0.003s). Nuevo intervalo: 15s
[2025-12-18 18:55:08] [INFO] ENGINE: No hay tareas para procesar.
[2025-12-18 18:55:08] [DEBUG] [Scheduler] Carga ligera detectada (0.004s). Nuevo intervalo: 15s
[2025-12-18 18:55:08] [INFO] ENGINE: No hay tareas para procesar.
[2025-12-18 18:55:08] [DEBUG] [Scheduler] Carga ligera detectada (0.003s). Nuevo intervalo: 15s
[2025-12-18 18:55:23] [INFO] ENGINE: No hay tareas para procesar.
[2025-12-18 18:55:23] [DEBUG] [Scheduler] Carga ligera detectada (0.004s). Nuevo intervalo: 15s
[2025-12-18 18:55:23] [INFO] ENGINE: No hay tareas para procesar.
[2025-12-18 18:55:23] [DEBUG] [Scheduler] Carga ligera detectada (0.004s). Nuevo intervalo: 15s
[2025-12-18 18:55:38] [INFO] ENGINE: No hay tareas para procesar.
[2025-12-18 18:55:38] [DEBUG] [Scheduler] Carga ligera detectada (0.004s). Nuevo intervalo: 15s
[2025-12-18 18:55:38] [INFO] ENGINE: No hay tareas para procesar.
[2025-12-18 18:55:38] [DEBUG] [Scheduler] Carga ligera detectada (0.004s). Nuevo intervalo: 15s
[2025-12-18 18:55:53] [INFO] ENGINE: No hay tareas para procesar.
[2025-12-18 18:55:53] [DEBUG] [Scheduler] Carga ligera detectada (0.004s). Nuevo intervalo: 15s
[2025-12-18 18:55:53] [INFO] ENGINE: No hay tareas para procesar.
[2025-12-18 18:55:53] [DEBUG] [Scheduler] Carga ligera detectada (0.004s). Nuevo intervalo: 15s
[2025-12-18 18:56:08] [INFO] ENGINE: No hay tareas para procesar.
[2025-12-18 18:56:08] [DEBUG] [Scheduler] Carga ligera detectada (0.004s). Nuevo intervalo: 15s
[2025-12-18 18:56:08] [INFO] ENGINE: No hay tareas para procesar.
[2025-12-18 18:56:08] [DEBUG] [Scheduler] Carga ligera detectada (0.004s). Nuevo intervalo: 15s
[2025-12-18 18:56:23] [INFO] ENGINE: No hay tareas para procesar.
[2025-12-18 18:56:23] [DEBUG] [Scheduler] Carga ligera detectada (0.004s). Nuevo intervalo: 15s
[2025-12-18 18:56:23] [INFO] ENGINE: No hay tareas para procesar.
[2025-12-18 18:56:23] [DEBUG] [Scheduler] Carga ligera detectada (0.004s). Nuevo intervalo: 15s
[2025-12-18 18:56:38] [INFO] ENGINE: No hay tareas para procesar.
[2025-12-18 18:56:38] [DEBUG] [Scheduler] Carga ligera detectada (0.004s). Nuevo intervalo: 15s
[2025-12-18 18:56:38] [INFO] ENGINE: No hay tareas para procesar.
[2025-12-18 18:56:38] [DEBUG] [Scheduler] Carga ligera detectada (0.003s). Nuevo intervalo: 15s
[2025-12-18 18:56:53] [INFO] ENGINE: No hay tareas para procesar.
[2025-12-18 18:56:53] [DEBUG] [Scheduler] Carga ligera detectada (0.004s). Nuevo intervalo: 15s
[2025-12-18 18:56:53] [INFO] ENGINE: No hay tareas para procesar.
[2025-12-18 18:56:53] [DEBUG] [Scheduler] Carga ligera detectada (0.003s). Nuevo intervalo: 15s
[2025-12-18 18:57:08] [INFO] ENGINE: No hay tareas para procesar.
[2025-12-18 18:57:08] [DEBUG] [Scheduler] Carga ligera detectada (0.003s). Nuevo intervalo: 15s
[2025-12-18 18:57:08] [INFO] ENGINE: No hay tareas para procesar.
[2025-12-18 18:57:08] [DEBUG] [Scheduler] Carga ligera detectada (0.004s). Nuevo intervalo: 15s
[2025-12-18 18:57:23] [INFO] ENGINE: No hay tareas para procesar.
[2025-12-18 18:57:23] [DEBUG] [Scheduler] Carga ligera detectada (0.004s). Nuevo intervalo: 15s
[2025-12-18 18:57:23] [INFO] ENGINE: No hay tareas para procesar.
[2025-12-18 18:57:23] [DEBUG] [Scheduler] Carga ligera detectada (0.003s). Nuevo intervalo: 15s
[2025-12-18 18:57:38] [INFO] ENGINE: No hay tareas para procesar.
[2025-12-18 18:57:38] [DEBUG] [Scheduler] Carga ligera detectada (0.004s). Nuevo intervalo: 15s
[2025-12-18 18:57:38] [INFO] ENGINE: No hay tareas para procesar.
[2025-12-18 18:57:38] [DEBUG] [Scheduler] Carga ligera detectada (0.004s). Nuevo intervalo: 15s
[2025-12-18 18:57:53] [INFO] ENGINE: No hay tareas para procesar.
[2025-12-18 18:57:53] [DEBUG] [Scheduler] Carga ligera detectada (0.004s). Nuevo intervalo: 15s
[2025-12-18 18:57:53] [INFO] ENGINE: No hay tareas para procesar.
[2025-12-18 18:57:53] [DEBUG] [Scheduler] Carga ligera detectada (0.004s). Nuevo intervalo: 15s
[2025-12-18 18:58:08] [INFO] ENGINE: No hay tareas para procesar.
[2025-12-18 18:58:08] [DEBUG] [Scheduler] Carga ligera detectada (0.004s). Nuevo intervalo: 15s
[2025-12-18 18:58:08] [INFO] ENGINE: No hay tareas para procesar.
[2025-12-18 18:58:08] [DEBUG] [Scheduler] Carga ligera detectada (0.004s). Nuevo intervalo: 15s
[2025-12-18 18:58:23] [INFO] ENGINE: No hay tareas para procesar.
[2025-12-18 18:58:23] [DEBUG] [Scheduler] Carga ligera detectada (0.003s). Nuevo intervalo: 15s
[2025-12-18 18:58:23] [INFO] ENGINE: No hay tareas para procesar.
[2025-12-18 18:58:23] [DEBUG] [Scheduler] Carga ligera detectada (0.003s). Nuevo intervalo: 15s
[2025-12-18 18:58:38] [INFO] ENGINE: No hay tareas para procesar.
[2025-12-18 18:58:38] [DEBUG] [Scheduler] Carga ligera detectada (0.003s). Nuevo intervalo: 15s
[2025-12-18 18:58:38] [INFO] ENGINE: No hay tareas para procesar.
[2025-12-18 18:58:38] [DEBUG] [Scheduler] Carga ligera detectada (0.004s). Nuevo intervalo: 15s
[2025-12-18 18:58:53] [INFO] ENGINE: No hay tareas para procesar.
[2025-12-18 18:58:53] [DEBUG] [Scheduler] Carga ligera detectada (0.004s). Nuevo intervalo: 15s
[2025-12-18 18:58:53] [INFO] ENGINE: No hay tareas para procesar.
[2025-12-18 18:58:53] [DEBUG] [Scheduler] Carga ligera detectada (0.004s). Nuevo intervalo: 15s
[2025-12-18 18:59:08] [INFO] ENGINE: No hay tareas para procesar.
[2025-12-18 18:59:08] [DEBUG] [Scheduler] Carga ligera detectada (0.004s). Nuevo intervalo: 15s
[2025-12-18 18:59:08] [INFO] ENGINE: No hay tareas para procesar.
[2025-12-18 18:59:08] [DEBUG] [Scheduler] Carga ligera detectada (0.003s). Nuevo intervalo: 15s
[2025-12-18 18:59:23] [INFO] ENGINE: No hay tareas para procesar.
[2025-12-18 18:59:23] [DEBUG] [Scheduler] Carga ligera detectada (0.004s). Nuevo intervalo: 15s
[2025-12-18 18:59:23] [INFO] ENGINE: No hay tareas para procesar.
[2025-12-18 18:59:23] [DEBUG] [Scheduler] Carga ligera detectada (0.004s). Nuevo intervalo: 15s
[2025-12-18 18:59:38] [INFO] ENGINE: No hay tareas para procesar.
[2025-12-18 18:59:38] [DEBUG] [Scheduler] Carga ligera detectada (0.004s). Nuevo intervalo: 15s
[2025-12-18 18:59:38] [INFO] ENGINE: No hay tareas para procesar.
[2025-12-18 18:59:38] [DEBUG] [Scheduler] Carga ligera detectada (0.003s). Nuevo intervalo: 15s
[2025-12-18 18:59:53] [INFO] ENGINE: No hay tareas para procesar.
[2025-12-18 18:59:53] [DEBUG] [Scheduler] Carga ligera detectada (0.003s). Nuevo intervalo: 15s
[2025-12-18 18:59:53] [INFO] ENGINE: No hay tareas para procesar.
[2025-12-18 18:59:53] [DEBUG] [Scheduler] Carga ligera detectada (0.003s). Nuevo intervalo: 15s
[2025-12-18 19:00:08] [INFO] ENGINE: No hay tareas para procesar.
[2025-12-18 19:00:08] [DEBUG] [Scheduler] Carga ligera detectada (0.004s). Nuevo intervalo: 15s
[2025-12-18 19:00:08] [INFO] ENGINE: No hay tareas para procesar.
[2025-12-18 19:00:08] [DEBUG] [Scheduler] Carga ligera detectada (0.004s). Nuevo intervalo: 15s
[2025-12-18 19:00:23] [INFO] ENGINE: No hay tareas para procesar.
[2025-12-18 19:00:23] [DEBUG] [Scheduler] Carga ligera detectada (0.004s). Nuevo intervalo: 15s
[2025-12-18 19:00:23] [INFO] ENGINE: No hay tareas para procesar.
[2025-12-18 19:00:23] [DEBUG] [Scheduler] Carga ligera detectada (0.004s). Nuevo intervalo: 15s
[2025-12-18 19:00:38] [INFO] ENGINE: No hay tareas para procesar.
[2025-12-18 19:00:38] [DEBUG] [Scheduler] Carga ligera detectada (0.004s). Nuevo intervalo: 15s
[2025-12-18 19:00:38] [INFO] ENGINE: No hay tareas para procesar.
[2025-12-18 19:00:38] [DEBUG] [Scheduler] Carga ligera detectada (0.004s). Nuevo intervalo: 15s
[2025-12-18 19:00:53] [INFO] ENGINE: No hay tareas para procesar.
[2025-12-18 19:00:53] [DEBUG] [Scheduler] Carga ligera detectada (0.004s). Nuevo intervalo: 15s
[2025-12-18 19:00:53] [INFO] ENGINE: No hay tareas para procesar.
[2025-12-18 19:00:53] [DEBUG] [Scheduler] Carga ligera detectada (0.003s). Nuevo intervalo: 15s
[2025-12-18 19:01:08] [INFO] ENGINE: No hay tareas para procesar.
[2025-12-18 19:01:08] [DEBUG] [Scheduler] Carga ligera detectada (0.004s). Nuevo intervalo: 15s
[2025-12-18 19:01:08] [INFO] ENGINE: No hay tareas para procesar.
[2025-12-18 19:01:08] [DEBUG] [Scheduler] Carga ligera detectada (0.003s). Nuevo intervalo: 15s
[2025-12-18 19:01:23] [INFO] ENGINE: No hay tareas para procesar.
[2025-12-18 19:01:23] [DEBUG] [Scheduler] Carga ligera detectada (0.004s). Nuevo intervalo: 15s
[2025-12-18 19:01:23] [INFO] ENGINE: No hay tareas para procesar.
[2025-12-18 19:01:23] [DEBUG] [Scheduler] Carga ligera detectada (0.004s). Nuevo intervalo: 15s
[2025-12-18 19:01:38] [INFO] ENGINE: No hay tareas para procesar.
[2025-12-18 19:01:38] [DEBUG] [Scheduler] Carga ligera detectada (0.004s). Nuevo intervalo: 15s
[2025-12-18 19:01:38] [INFO] ENGINE: No hay tareas para procesar.
[2025-12-18 19:01:38] [DEBUG] [Scheduler] Carga ligera detectada (0.003s). Nuevo intervalo: 15s
[2025-12-18 19:01:53] [INFO] ENGINE: No hay tareas para procesar.
[2025-12-18 19:01:53] [DEBUG] [Scheduler] Carga ligera detectada (0.004s). Nuevo intervalo: 15s
[2025-12-18 19:01:53] [INFO] ENGINE: No hay tareas para procesar.
[2025-12-18 19:01:53] [DEBUG] [Scheduler] Carga ligera detectada (0.004s). Nuevo intervalo: 15s
[2025-12-18 19:02:08] [INFO] ENGINE: No hay tareas para procesar.
[2025-12-18 19:02:08] [DEBUG] [Scheduler] Carga ligera detectada (0.004s). Nuevo intervalo: 15s
[2025-12-18 19:02:08] [INFO] ENGINE: No hay tareas para procesar.
[2025-12-18 19:02:08] [DEBUG] [Scheduler] Carga ligera detectada (0.003s). Nuevo intervalo: 15s
[2025-12-18 19:02:23] [INFO] ENGINE: No hay tareas para procesar.
[2025-12-18 19:02:23] [DEBUG] [Scheduler] Carga ligera detectada (0.003s). Nuevo intervalo: 15s
[2025-12-18 19:02:23] [INFO] ENGINE: No hay tareas para procesar.
[2025-12-18 19:02:23] [DEBUG] [Scheduler] Carga ligera detectada (0.003s). Nuevo intervalo: 15s
[2025-12-18 19:02:38] [INFO] ENGINE: No hay tareas para procesar.
[2025-12-18 19:02:38] [DEBUG] [Scheduler] Carga ligera detectada (0.004s). Nuevo intervalo: 15s
[2025-12-18 19:02:38] [INFO] ENGINE: No hay tareas para procesar.
[2025-12-18 19:02:38] [DEBUG] [Scheduler] Carga ligera detectada (0.003s). Nuevo intervalo: 15s
[2025-12-18 19:02:53] [INFO] ENGINE: No hay tareas para procesar.
[2025-12-18 19:02:53] [DEBUG] [Scheduler] Carga ligera detectada (0.004s). Nuevo intervalo: 15s
[2025-12-18 19:02:53] [INFO] ENGINE: No hay tareas para procesar.
[2025-12-18 19:02:53] [DEBUG] [Scheduler] Carga ligera detectada (0.003s). Nuevo intervalo: 15s
[2025-12-18 19:03:08] [INFO] ENGINE: No hay tareas para procesar.
[2025-12-18 19:03:08] [DEBUG] [Scheduler] Carga ligera detectada (0.004s). Nuevo intervalo: 15s
[2025-12-18 19:03:08] [INFO] ENGINE: No hay tareas para procesar.
[2025-12-18 19:03:08] [DEBUG] [Scheduler] Carga ligera detectada (0.004s). Nuevo intervalo: 15s
[2025-12-18 19:03:23] [INFO] ENGINE: No hay tareas para procesar.
[2025-12-18 19:03:23] [DEBUG] [Scheduler] Carga ligera detectada (0.003s). Nuevo intervalo: 15s
[2025-12-18 19:03:23] [INFO] ENGINE: No hay tareas para procesar.
[2025-12-18 19:03:23] [DEBUG] [Scheduler] Carga ligera detectada (0.003s). Nuevo intervalo: 15s
[2025-12-18 19:03:38] [INFO] ENGINE: No hay tareas para procesar.
[2025-12-18 19:03:38] [DEBUG] [Scheduler] Carga ligera detectada (0.003s). Nuevo intervalo: 15s
[2025-12-18 19:03:38] [INFO] ENGINE: No hay tareas para procesar.
[2025-12-18 19:03:38] [DEBUG] [Scheduler] Carga ligera detectada (0.004s). Nuevo intervalo: 15s
[2025-12-18 19:03:53] [INFO] ENGINE: No hay tareas para procesar.
[2025-12-18 19:03:53] [DEBUG] [Scheduler] Carga ligera detectada (0.004s). Nuevo intervalo: 15s
[2025-12-18 19:03:53] [INFO] ENGINE: No hay tareas para procesar.
[2025-12-18 19:03:53] [DEBUG] [Scheduler] Carga ligera detectada (0.004s). Nuevo intervalo: 15s
[2025-12-18 19:04:08] [INFO] ENGINE: No hay tareas para procesar.
[2025-12-18 19:04:08] [DEBUG] [Scheduler] Carga ligera detectada (0.004s). Nuevo intervalo: 15s
[2025-12-18 19:04:08] [INFO] ENGINE: No hay tareas para procesar.
[2025-12-18 19:04:08] [DEBUG] [Scheduler] Carga ligera detectada (0.004s). Nuevo intervalo: 15s
[2025-12-18 19:04:23] [INFO] ENGINE: No hay tareas para procesar.
[2025-12-18 19:04:23] [DEBUG] [Scheduler] Carga ligera detectada (0.004s). Nuevo intervalo: 15s
[2025-12-18 19:04:23] [INFO] ENGINE: No hay tareas para procesar.
[2025-12-18 19:04:23] [DEBUG] [Scheduler] Carga ligera detectada (0.003s). Nuevo intervalo: 15s
[2025-12-18 19:04:38] [INFO] ENGINE: No hay tareas para procesar.
[2025-12-18 19:04:38] [DEBUG] [Scheduler] Carga ligera detectada (0.004s). Nuevo intervalo: 15s
[2025-12-18 19:04:38] [INFO] ENGINE: No hay tareas para procesar.
[2025-12-18 19:04:38] [DEBUG] [Scheduler] Carga ligera detectada (0.004s). Nuevo intervalo: 15s
[2025-12-18 19:04:53] [INFO] ENGINE: No hay tareas para procesar.
[2025-12-18 19:04:53] [DEBUG] [Scheduler] Carga ligera detectada (0.004s). Nuevo intervalo: 15s
[2025-12-18 19:04:53] [INFO] ENGINE: No hay tareas para procesar.
[2025-12-18 19:04:53] [DEBUG] [Scheduler] Carga ligera detectada (0.003s). Nuevo intervalo: 15s
[2025-12-18 19:05:08] [INFO] ENGINE: No hay tareas para procesar.
[2025-12-18 19:05:08] [DEBUG] [Scheduler] Carga ligera detectada (0.004s). Nuevo intervalo: 15s
[2025-12-18 19:05:09] [INFO] ENGINE: No hay tareas para procesar.
[2025-12-18 19:05:09] [DEBUG] [Scheduler] Carga ligera detectada (0.004s). Nuevo intervalo: 15s
[2025-12-18 19:05:23] [INFO] ENGINE: No hay tareas para procesar.
[2025-12-18 19:05:23] [DEBUG] [Scheduler] Carga ligera detectada (0.004s). Nuevo intervalo: 15s
[2025-12-18 19:05:24] [INFO] ENGINE: No hay tareas para procesar.
[2025-12-18 19:05:24] [DEBUG] [Scheduler] Carga ligera detectada (0.004s). Nuevo intervalo: 15s
[2025-12-18 19:05:38] [INFO] ENGINE: No hay tareas para procesar.
[2025-12-18 19:05:38] [DEBUG] [Scheduler] Carga ligera detectada (0.004s). Nuevo intervalo: 15s
[2025-12-18 19:05:39] [INFO] ENGINE: No hay tareas para procesar.
[2025-12-18 19:05:39] [DEBUG] [Scheduler] Carga ligera detectada (0.004s). Nuevo intervalo: 15s
[2025-12-18 19:05:53] [INFO] ENGINE: No hay tareas para procesar.
[2025-12-18 19:05:53] [DEBUG] [Scheduler] Carga ligera detectada (0.004s). Nuevo intervalo: 15s
[2025-12-18 19:05:54] [INFO] ENGINE: No hay tareas para procesar.
[2025-12-18 19:05:54] [DEBUG] [Scheduler] Carga ligera detectada (0.004s). Nuevo intervalo: 15s
[2025-12-18 19:06:08] [INFO] ENGINE: No hay tareas para procesar.
[2025-12-18 19:06:08] [DEBUG] [Scheduler] Carga ligera detectada (0.004s). Nuevo intervalo: 15s
[2025-12-18 19:06:09] [INFO] ENGINE: No hay tareas para procesar.
[2025-12-18 19:06:09] [DEBUG] [Scheduler] Carga ligera detectada (0.003s). Nuevo intervalo: 15s
[2025-12-18 19:06:23] [INFO] ENGINE: No hay tareas para procesar.
[2025-12-18 19:06:23] [DEBUG] [Scheduler] Carga ligera detectada (0.003s). Nuevo intervalo: 15s
[2025-12-18 19:06:24] [INFO] ENGINE: No hay tareas para procesar.
[2025-12-18 19:06:24] [DEBUG] [Scheduler] Carga ligera detectada (0.003s). Nuevo intervalo: 15s
[2025-12-18 19:06:38] [INFO] ENGINE: No hay tareas para procesar.
[2025-12-18 19:06:38] [DEBUG] [Scheduler] Carga ligera detectada (0.004s). Nuevo intervalo: 15s
[2025-12-18 19:06:39] [INFO] ENGINE: No hay tareas para procesar.
[2025-12-18 19:06:39] [DEBUG] [Scheduler] Carga ligera detectada (0.003s). Nuevo intervalo: 15s
[2025-12-18 19:06:53] [INFO] ENGINE: No hay tareas para procesar.
[2025-12-18 19:06:53] [DEBUG] [Scheduler] Carga ligera detectada (0.004s). Nuevo intervalo: 15s
[2025-12-18 19:06:54] [INFO] ENGINE: No hay tareas para procesar.
[2025-12-18 19:06:54] [DEBUG] [Scheduler] Carga ligera detectada (0.004s). Nuevo intervalo: 15s
[2025-12-18 19:07:08] [INFO] ENGINE: No hay tareas para procesar.
[2025-12-18 19:07:08] [DEBUG] [Scheduler] Carga ligera detectada (0.004s). Nuevo intervalo: 15s
[2025-12-18 19:07:09] [INFO] ENGINE: No hay tareas para procesar.
[2025-12-18 19:07:09] [DEBUG] [Scheduler] Carga ligera detectada (0.003s). Nuevo intervalo: 15s
[2025-12-18 19:07:23] [INFO] ENGINE: No hay tareas para procesar.
[2025-12-18 19:07:23] [DEBUG] [Scheduler] Carga ligera detectada (0.004s). Nuevo intervalo: 15s
[2025-12-18 19:07:24] [INFO] ENGINE: No hay tareas para procesar.
[2025-12-18 19:07:24] [DEBUG] [Scheduler] Carga ligera detectada (0.004s). Nuevo intervalo: 15s
[2025-12-18 19:07:38] [INFO] ENGINE: No hay tareas para procesar.
[2025-12-18 19:07:38] [DEBUG] [Scheduler] Carga ligera detectada (0.004s). Nuevo intervalo: 15s
[2025-12-18 19:07:39] [INFO] ENGINE: No hay tareas para procesar.
[2025-12-18 19:07:39] [DEBUG] [Scheduler] Carga ligera detectada (0.004s). Nuevo intervalo: 15s
[2025-12-18 19:07:53] [INFO] ENGINE: No hay tareas para procesar.
[2025-12-18 19:07:53] [DEBUG] [Scheduler] Carga ligera detectada (0.004s). Nuevo intervalo: 15s
[2025-12-18 19:07:54] [INFO] ENGINE: No hay tareas para procesar.
[2025-12-18 19:07:54] [DEBUG] [Scheduler] Carga ligera detectada (0.003s). Nuevo intervalo: 15s
[2025-12-18 19:08:08] [INFO] ENGINE: No hay tareas para procesar.
[2025-12-18 19:08:08] [DEBUG] [Scheduler] Carga ligera detectada (0.004s). Nuevo intervalo: 15s
[2025-12-18 19:08:09] [INFO] ENGINE: No hay tareas para procesar.
[2025-12-18 19:08:09] [DEBUG] [Scheduler] Carga ligera detectada (0.003s). Nuevo intervalo: 15s
[2025-12-18 19:08:23] [INFO] ENGINE: No hay tareas para procesar.
[2025-12-18 19:08:23] [DEBUG] [Scheduler] Carga ligera detectada (0.003s). Nuevo intervalo: 15s
[2025-12-18 19:08:24] [INFO] ENGINE: No hay tareas para procesar.
[2025-12-18 19:08:24] [DEBUG] [Scheduler] Carga ligera detectada (0.003s). Nuevo intervalo: 15s
[2025-12-18 19:09:00] [INFO] Scheduler PRO iniciado. Intervalo dinámico activado.
[2025-12-18 19:09:00] [INFO] Scheduler Inteligente activado. Modo Híbrido PRO.
[2025-12-18 19:09:00] [INFO] ENGINE: No hay tareas para procesar.
[2025-12-18 19:09:00] [DEBUG] [Scheduler] Carga ligera detectada (0.006s). Nuevo intervalo: 25s
[2025-12-18 19:09:00] [INFO] Scheduler PRO iniciado. Intervalo dinámico activado.
[2025-12-18 19:09:00] [INFO] ENGINE: No hay tareas para procesar.
[2025-12-18 19:09:00] [DEBUG] [Scheduler] Carga ligera detectada (0.004s). Nuevo intervalo: 25s
[2025-12-18 19:09:25] [INFO] ENGINE: No hay tareas para procesar.
[2025-12-18 19:09:25] [DEBUG] [Scheduler] Carga ligera detectada (0.004s). Nuevo intervalo: 20s
[2025-12-18 19:09:25] [INFO] ENGINE: No hay tareas para procesar.
[2025-12-18 19:09:25] [DEBUG] [Scheduler] Carga ligera detectada (0.004s). Nuevo intervalo: 20s
[2025-12-18 19:09:45] [INFO] ENGINE: No hay tareas para procesar.
[2025-12-18 19:09:45] [DEBUG] [Scheduler] Carga ligera detectada (0.004s). Nuevo intervalo: 15s
[2025-12-18 19:09:45] [INFO] ENGINE: No hay tareas para procesar.
[2025-12-18 19:09:45] [DEBUG] [Scheduler] Carga ligera detectada (0.004s). Nuevo intervalo: 15s
[2025-12-18 19:10:00] [INFO] ENGINE: No hay tareas para procesar.
[2025-12-18 19:10:00] [DEBUG] [Scheduler] Carga ligera detectada (0.004s). Nuevo intervalo: 15s
[2025-12-18 19:10:00] [INFO] ENGINE: No hay tareas para procesar.
[2025-12-18 19:10:00] [DEBUG] [Scheduler] Carga ligera detectada (0.004s). Nuevo intervalo: 15s
[2025-12-18 19:10:15] [INFO] ENGINE: No hay tareas para procesar.
[2025-12-18 19:10:15] [DEBUG] [Scheduler] Carga ligera detectada (0.004s). Nuevo intervalo: 15s
[2025-12-18 19:10:15] [INFO] ENGINE: No hay tareas para procesar.
[2025-12-18 19:10:15] [DEBUG] [Scheduler] Carga ligera detectada (0.004s). Nuevo intervalo: 15s
[2025-12-18 19:10:30] [INFO] ENGINE: No hay tareas para procesar.
[2025-12-18 19:10:30] [DEBUG] [Scheduler] Carga ligera detectada (0.004s). Nuevo intervalo: 15s
[2025-12-18 19:10:30] [INFO] ENGINE: No hay tareas para procesar.
[2025-12-18 19:10:30] [DEBUG] [Scheduler] Carga ligera detectada (0.003s). Nuevo intervalo: 15s
[2025-12-18 19:10:45] [INFO] ENGINE: No hay tareas para procesar.
[2025-12-18 19:10:45] [DEBUG] [Scheduler] Carga ligera detectada (0.004s). Nuevo intervalo: 15s
[2025-12-18 19:10:45] [INFO] ENGINE: No hay tareas para procesar.
[2025-12-18 19:10:45] [DEBUG] [Scheduler] Carga ligera detectada (0.004s). Nuevo intervalo: 15s
[2025-12-18 19:11:00] [INFO] ENGINE: No hay tareas para procesar.
[2025-12-18 19:11:00] [DEBUG] [Scheduler] Carga ligera detectada (0.004s). Nuevo intervalo: 15s
[2025-12-18 19:11:00] [INFO] ENGINE: No hay tareas para procesar.
[2025-12-18 19:11:00] [DEBUG] [Scheduler] Carga ligera detectada (0.004s). Nuevo intervalo: 15s
[2025-12-18 19:11:15] [INFO] ENGINE: No hay tareas para procesar.
[2025-12-18 19:11:15] [DEBUG] [Scheduler] Carga ligera detectada (0.004s). Nuevo intervalo: 15s
[2025-12-18 19:11:15] [INFO] ENGINE: No hay tareas para procesar.
[2025-12-18 19:11:15] [DEBUG] [Scheduler] Carga ligera detectada (0.004s). Nuevo intervalo: 15s
[2025-12-18 19:11:30] [INFO] ENGINE: No hay tareas para procesar.
[2025-12-18 19:11:30] [DEBUG] [Scheduler] Carga ligera detectada (0.003s). Nuevo intervalo: 15s
[2025-12-18 19:11:30] [INFO] ENGINE: No hay tareas para procesar.
[2025-12-18 19:11:30] [DEBUG] [Scheduler] Carga ligera detectada (0.003s). Nuevo intervalo: 15s
[2025-12-18 19:11:45] [INFO] ENGINE: No hay tareas para procesar.
[2025-12-18 19:11:45] [DEBUG] [Scheduler] Carga ligera detectada (0.004s). Nuevo intervalo: 15s
[2025-12-18 19:11:45] [INFO] ENGINE: No hay tareas para procesar.
[2025-12-18 19:11:45] [DEBUG] [Scheduler] Carga ligera detectada (0.003s). Nuevo intervalo: 15s
[2025-12-18 19:12:00] [INFO] ENGINE: No hay tareas para procesar.
[2025-12-18 19:12:00] [DEBUG] [Scheduler] Carga ligera detectada (0.004s). Nuevo intervalo: 15s
[2025-12-18 19:12:00] [INFO] ENGINE: No hay tareas para procesar.
[2025-12-18 19:12:00] [DEBUG] [Scheduler] Carga ligera detectada (0.004s). Nuevo intervalo: 15s
[2025-12-18 19:12:15] [INFO] ENGINE: No hay tareas para procesar.
[2025-12-18 19:12:15] [DEBUG] [Scheduler] Carga ligera detectada (0.004s). Nuevo intervalo: 15s
[2025-12-18 19:12:15] [INFO] ENGINE: No hay tareas para procesar.
[2025-12-18 19:12:15] [DEBUG] [Scheduler] Carga ligera detectada (0.004s). Nuevo intervalo: 15s
[2025-12-18 19:12:30] [INFO] ENGINE: No hay tareas para procesar.
[2025-12-18 19:12:30] [DEBUG] [Scheduler] Carga ligera detectada (0.003s). Nuevo intervalo: 15s
[2025-12-18 19:12:30] [INFO] ENGINE: No hay tareas para procesar.
[2025-12-18 19:12:30] [DEBUG] [Scheduler] Carga ligera detectada (0.004s). Nuevo intervalo: 15s
[2025-12-18 19:12:45] [INFO] ENGINE: No hay tareas para procesar.
[2025-12-18 19:12:45] [DEBUG] [Scheduler] Carga ligera detectada (0.003s). Nuevo intervalo: 15s
[2025-12-18 19:12:45] [INFO] ENGINE: No hay tareas para procesar.
[2025-12-18 19:12:45] [DEBUG] [Scheduler] Carga ligera detectada (0.003s). Nuevo intervalo: 15s
[2025-12-18 19:13:00] [INFO] ENGINE: No hay tareas para procesar.
[2025-12-18 19:13:00] [DEBUG] [Scheduler] Carga ligera detectada (0.004s). Nuevo intervalo: 15s
[2025-12-18 19:13:00] [INFO] ENGINE: No hay tareas para procesar.
[2025-12-18 19:13:00] [DEBUG] [Scheduler] Carga ligera detectada (0.003s). Nuevo intervalo: 15s
[2025-12-18 19:13:15] [INFO] ENGINE: No hay tareas para procesar.
[2025-12-18 19:13:15] [DEBUG] [Scheduler] Carga ligera detectada (0.003s). Nuevo intervalo: 15s
[2025-12-18 19:13:15] [INFO] ENGINE: No hay tareas para procesar.
[2025-12-18 19:13:15] [DEBUG] [Scheduler] Carga ligera detectada (0.003s). Nuevo intervalo: 15s
[2025-12-18 19:13:30] [INFO] ENGINE: No hay tareas para procesar.
[2025-12-18 19:13:30] [DEBUG] [Scheduler] Carga ligera detectada (0.003s). Nuevo intervalo: 15s
[2025-12-18 19:13:30] [INFO] ENGINE: No hay tareas para procesar.
[2025-12-18 19:13:30] [DEBUG] [Scheduler] Carga ligera detectada (0.003s). Nuevo intervalo: 15s
[2025-12-18 19:13:45] [INFO] ENGINE: No hay tareas para procesar.
[2025-12-18 19:13:45] [DEBUG] [Scheduler] Carga ligera detectada (0.004s). Nuevo intervalo: 15s
[2025-12-18 19:13:45] [INFO] ENGINE: No hay tareas para procesar.
[2025-12-18 19:13:45] [DEBUG] [Scheduler] Carga ligera detectada (0.004s). Nuevo intervalo: 15s
[2025-12-18 19:14:00] [INFO] ENGINE: No hay tareas para procesar.
[2025-12-18 19:14:00] [DEBUG] [Scheduler] Carga ligera detectada (0.004s). Nuevo intervalo: 15s
[2025-12-18 19:14:00] [INFO] ENGINE: No hay tareas para procesar.
[2025-12-18 19:14:00] [DEBUG] [Scheduler] Carga ligera detectada (0.004s). Nuevo intervalo: 15s
[2025-12-18 19:14:15] [INFO] ENGINE: No hay tareas para procesar.
[2025-12-18 19:14:15] [DEBUG] [Scheduler] Carga ligera detectada (0.004s). Nuevo intervalo: 15s
[2025-12-18 19:14:15] [INFO] ENGINE: No hay tareas para procesar.
[2025-12-18 19:14:15] [DEBUG] [Scheduler] Carga ligera detectada (0.004s). Nuevo intervalo: 15s
[2025-12-18 19:14:30] [INFO] ENGINE: No hay tareas para procesar.
[2025-12-18 19:14:30] [DEBUG] [Scheduler] Carga ligera detectada (0.004s). Nuevo intervalo: 15s
[2025-12-18 19:14:30] [INFO] ENGINE: No hay tareas para procesar.
[2025-12-18 19:14:30] [DEBUG] [Scheduler] Carga ligera detectada (0.003s). Nuevo intervalo: 15s
[2025-12-18 19:14:45] [INFO] ENGINE: No hay tareas para procesar.
[2025-12-18 19:14:45] [DEBUG] [Scheduler] Carga ligera detectada (0.004s). Nuevo intervalo: 15s
[2025-12-18 19:14:45] [INFO] ENGINE: No hay tareas para procesar.
[2025-12-18 19:14:45] [DEBUG] [Scheduler] Carga ligera detectada (0.050s). Nuevo intervalo: 15s
[2025-12-18 19:15:00] [INFO] ENGINE: No hay tareas para procesar.
[2025-12-18 19:15:00] [DEBUG] [Scheduler] Carga ligera detectada (0.004s). Nuevo intervalo: 15s
[2025-12-18 19:15:00] [INFO] ENGINE: No hay tareas para procesar.
[2025-12-18 19:15:00] [DEBUG] [Scheduler] Carga ligera detectada (0.004s). Nuevo intervalo: 15s
[2025-12-18 19:15:15] [INFO] ENGINE: No hay tareas para procesar.
[2025-12-18 19:15:15] [DEBUG] [Scheduler] Carga ligera detectada (0.004s). Nuevo intervalo: 15s
[2025-12-18 19:15:15] [INFO] ENGINE: No hay tareas para procesar.
[2025-12-18 19:15:15] [DEBUG] [Scheduler] Carga ligera detectada (0.003s). Nuevo intervalo: 15s
[2025-12-18 19:15:30] [INFO] ENGINE: No hay tareas para procesar.
[2025-12-18 19:15:30] [DEBUG] [Scheduler] Carga ligera detectada (0.004s). Nuevo intervalo: 15s
[2025-12-18 19:15:30] [INFO] ENGINE: No hay tareas para procesar.
[2025-12-18 19:15:30] [DEBUG] [Scheduler] Carga ligera detectada (0.004s). Nuevo intervalo: 15s
[2025-12-18 19:15:45] [INFO] ENGINE: No hay tareas para procesar.
[2025-12-18 19:15:45] [DEBUG] [Scheduler] Carga ligera detectada (0.004s). Nuevo intervalo: 15s
[2025-12-18 19:15:45] [INFO] ENGINE: No hay tareas para procesar.
[2025-12-18 19:15:45] [DEBUG] [Scheduler] Carga ligera detectada (0.004s). Nuevo intervalo: 15s
[2025-12-18 19:16:00] [INFO] ENGINE: No hay tareas para procesar.
[2025-12-18 19:16:00] [DEBUG] [Scheduler] Carga ligera detectada (0.003s). Nuevo intervalo: 15s
[2025-12-18 19:16:00] [INFO] ENGINE: No hay tareas para procesar.
[2025-12-18 19:16:00] [DEBUG] [Scheduler] Carga ligera detectada (0.003s). Nuevo intervalo: 15s
[2025-12-18 19:16:15] [INFO] ENGINE: No hay tareas para procesar.
[2025-12-18 19:16:15] [DEBUG] [Scheduler] Carga ligera detectada (0.004s). Nuevo intervalo: 15s
[2025-12-18 19:16:15] [INFO] ENGINE: No hay tareas para procesar.
[2025-12-18 19:16:15] [DEBUG] [Scheduler] Carga ligera detectada (0.004s). Nuevo intervalo: 15s
[2025-12-18 19:16:30] [INFO] ENGINE: No hay tareas para procesar.
[2025-12-18 19:16:30] [DEBUG] [Scheduler] Carga ligera detectada (0.004s). Nuevo intervalo: 15s
[2025-12-18 19:16:30] [INFO] ENGINE: No hay tareas para procesar.
[2025-12-18 19:16:30] [DEBUG] [Scheduler] Carga ligera detectada (0.004s). Nuevo intervalo: 15s
[2025-12-18 19:16:45] [INFO] ENGINE: No hay tareas para procesar.
[2025-12-18 19:16:45] [DEBUG] [Scheduler] Carga ligera detectada (0.004s). Nuevo intervalo: 15s
[2025-12-18 19:16:45] [INFO] ENGINE: No hay tareas para procesar.
[2025-12-18 19:16:45] [DEBUG] [Scheduler] Carga ligera detectada (0.004s). Nuevo intervalo: 15s
[2025-12-18 19:17:00] [INFO] ENGINE: No hay tareas para procesar.
[2025-12-18 19:17:00] [DEBUG] [Scheduler] Carga ligera detectada (0.004s). Nuevo intervalo: 15s
[2025-12-18 19:17:00] [INFO] ENGINE: No hay tareas para procesar.
[2025-12-18 19:17:00] [DEBUG] [Scheduler] Carga ligera detectada (0.004s). Nuevo intervalo: 15s
[2025-12-18 19:17:15] [INFO] ENGINE: No hay tareas para procesar.
[2025-12-18 19:17:15] [DEBUG] [Scheduler] Carga ligera detectada (0.004s). Nuevo intervalo: 15s
[2025-12-18 19:17:15] [INFO] ENGINE: No hay tareas para procesar.
[2025-12-18 19:17:15] [DEBUG] [Scheduler] Carga ligera detectada (0.004s). Nuevo intervalo: 15s
[2025-12-18 19:17:30] [INFO] ENGINE: No hay tareas para procesar.
[2025-12-18 19:17:30] [DEBUG] [Scheduler] Carga ligera detectada (0.004s). Nuevo intervalo: 15s
[2025-12-18 19:17:30] [INFO] ENGINE: No hay tareas para procesar.
[2025-12-18 19:17:30] [DEBUG] [Scheduler] Carga ligera detectada (0.003s). Nuevo intervalo: 15s
[2025-12-18 19:17:45] [INFO] ENGINE: No hay tareas para procesar.
[2025-12-18 19:17:45] [DEBUG] [Scheduler] Carga ligera detectada (0.004s). Nuevo intervalo: 15s
[2025-12-18 19:17:45] [INFO] ENGINE: No hay tareas para procesar.
[2025-12-18 19:17:45] [DEBUG] [Scheduler] Carga ligera detectada (0.003s). Nuevo intervalo: 15s
[2025-12-18 19:18:00] [INFO] ENGINE: No hay tareas para procesar.
[2025-12-18 19:18:00] [DEBUG] [Scheduler] Carga ligera detectada (0.004s). Nuevo intervalo: 15s
[2025-12-18 19:18:00] [INFO] ENGINE: No hay tareas para procesar.
[2025-12-18 19:18:00] [DEBUG] [Scheduler] Carga ligera detectada (0.004s). Nuevo intervalo: 15s
[2025-12-18 19:18:15] [INFO] ENGINE: No hay tareas para procesar.
[2025-12-18 19:18:15] [DEBUG] [Scheduler] Carga ligera detectada (0.004s). Nuevo intervalo: 15s
[2025-12-18 19:18:15] [INFO] ENGINE: No hay tareas para procesar.
[2025-12-18 19:18:15] [DEBUG] [Scheduler] Carga ligera detectada (0.004s). Nuevo intervalo: 15s
[2025-12-18 19:18:30] [INFO] ENGINE: No hay tareas para procesar.
[2025-12-18 19:18:30] [DEBUG] [Scheduler] Carga ligera detectada (0.004s). Nuevo intervalo: 15s
[2025-12-18 19:18:30] [INFO] ENGINE: No hay tareas para procesar.
[2025-12-18 19:18:30] [DEBUG] [Scheduler] Carga ligera detectada (0.004s). Nuevo intervalo: 15s
[2025-12-18 19:18:45] [INFO] ENGINE: No hay tareas para procesar.
[2025-12-18 19:18:45] [DEBUG] [Scheduler] Carga ligera detectada (0.004s). Nuevo intervalo: 15s
[2025-12-18 19:18:45] [INFO] ENGINE: No hay tareas para procesar.
[2025-12-18 19:18:45] [DEBUG] [Scheduler] Carga ligera detectada (0.004s). Nuevo intervalo: 15s
[2025-12-18 19:19:00] [INFO] ENGINE: No hay tareas para procesar.
[2025-12-18 19:19:00] [DEBUG] [Scheduler] Carga ligera detectada (0.004s). Nuevo intervalo: 15s
[2025-12-18 19:19:00] [INFO] ENGINE: No hay tareas para procesar.
[2025-12-18 19:19:00] [DEBUG] [Scheduler] Carga ligera detectada (0.004s). Nuevo intervalo: 15s
[2025-12-18 19:19:15] [INFO] ENGINE: No hay tareas para procesar.
[2025-12-18 19:19:15] [DEBUG] [Scheduler] Carga ligera detectada (0.004s). Nuevo intervalo: 15s
[2025-12-18 19:19:15] [INFO] ENGINE: No hay tareas para procesar.
[2025-12-18 19:19:15] [DEBUG] [Scheduler] Carga ligera detectada (0.003s). Nuevo intervalo: 15s
[2025-12-18 19:19:30] [INFO] ENGINE: No hay tareas para procesar.
[2025-12-18 19:19:30] [DEBUG] [Scheduler] Carga ligera detectada (0.007s). Nuevo intervalo: 15s
[2025-12-18 19:19:30] [INFO] ENGINE: No hay tareas para procesar.
[2025-12-18 19:19:30] [DEBUG] [Scheduler] Carga ligera detectada (0.003s). Nuevo intervalo: 15s
[2025-12-18 19:19:45] [INFO] ENGINE: No hay tareas para procesar.
[2025-12-18 19:19:45] [DEBUG] [Scheduler] Carga ligera detectada (0.004s). Nuevo intervalo: 15s
[2025-12-18 19:19:45] [INFO] ENGINE: No hay tareas para procesar.
[2025-12-18 19:19:45] [DEBUG] [Scheduler] Carga ligera detectada (0.004s). Nuevo intervalo: 15s
[2025-12-18 19:20:00] [INFO] ENGINE: No hay tareas para procesar.
[2025-12-18 19:20:00] [DEBUG] [Scheduler] Carga ligera detectada (0.004s). Nuevo intervalo: 15s
[2025-12-18 19:20:00] [INFO] ENGINE: No hay tareas para procesar.
[2025-12-18 19:20:00] [DEBUG] [Scheduler] Carga ligera detectada (0.004s). Nuevo intervalo: 15s
[2025-12-18 19:20:15] [INFO] ENGINE: No hay tareas para procesar.
[2025-12-18 19:20:15] [DEBUG] [Scheduler] Carga ligera detectada (0.004s). Nuevo intervalo: 15s
[2025-12-18 19:20:15] [INFO] ENGINE: No hay tareas para procesar.
[2025-12-18 19:20:15] [DEBUG] [Scheduler] Carga ligera detectada (0.004s). Nuevo intervalo: 15s
[2025-12-18 19:20:30] [INFO] ENGINE: No hay tareas para procesar.
[2025-12-18 19:20:30] [DEBUG] [Scheduler] Carga ligera detectada (0.004s). Nuevo intervalo: 15s
[2025-12-18 19:20:30] [INFO] ENGINE: No hay tareas para procesar.
[2025-12-18 19:20:30] [DEBUG] [Scheduler] Carga ligera detectada (0.003s). Nuevo intervalo: 15s
[2025-12-18 19:20:45] [INFO] ENGINE: No hay tareas para procesar.
[2025-12-18 19:20:45] [DEBUG] [Scheduler] Carga ligera detectada (0.003s). Nuevo intervalo: 15s
[2025-12-18 19:20:46] [INFO] ENGINE: No hay tareas para procesar.
[2025-12-18 19:20:46] [DEBUG] [Scheduler] Carga ligera detectada (0.004s). Nuevo intervalo: 15s
[2025-12-18 19:21:00] [INFO] ENGINE: No hay tareas para procesar.
[2025-12-18 19:21:00] [DEBUG] [Scheduler] Carga ligera detectada (0.004s). Nuevo intervalo: 15s
[2025-12-18 19:21:01] [INFO] ENGINE: No hay tareas para procesar.
[2025-12-18 19:21:01] [DEBUG] [Scheduler] Carga ligera detectada (0.004s). Nuevo intervalo: 15s
[2025-12-18 19:21:15] [INFO] ENGINE: No hay tareas para procesar.
[2025-12-18 19:21:15] [DEBUG] [Scheduler] Carga ligera detectada (0.004s). Nuevo intervalo: 15s
[2025-12-18 19:21:16] [INFO] ENGINE: No hay tareas para procesar.
[2025-12-18 19:21:16] [DEBUG] [Scheduler] Carga ligera detectada (0.004s). Nuevo intervalo: 15s
[2025-12-18 19:21:30] [INFO] ENGINE: No hay tareas para procesar.
[2025-12-18 19:21:30] [DEBUG] [Scheduler] Carga ligera detectada (0.004s). Nuevo intervalo: 15s
[2025-12-18 19:21:31] [INFO] ENGINE: No hay tareas para procesar.
[2025-12-18 19:21:31] [DEBUG] [Scheduler] Carga ligera detectada (0.004s). Nuevo intervalo: 15s
[2025-12-18 19:21:45] [INFO] ENGINE: No hay tareas para procesar.
[2025-12-18 19:21:45] [DEBUG] [Scheduler] Carga ligera detectada (0.004s). Nuevo intervalo: 15s
[2025-12-18 19:21:46] [INFO] ENGINE: No hay tareas para procesar.
[2025-12-18 19:21:46] [DEBUG] [Scheduler] Carga ligera detectada (0.004s). Nuevo intervalo: 15s
[2025-12-18 19:22:00] [INFO] ENGINE: No hay tareas para procesar.
[2025-12-18 19:22:00] [DEBUG] [Scheduler] Carga ligera detectada (0.004s). Nuevo intervalo: 15s
[2025-12-18 19:22:01] [INFO] ENGINE: No hay tareas para procesar.
[2025-12-18 19:22:01] [DEBUG] [Scheduler] Carga ligera detectada (0.004s). Nuevo intervalo: 15s
[2025-12-18 19:22:15] [INFO] ENGINE: No hay tareas para procesar.
[2025-12-18 19:22:15] [DEBUG] [Scheduler] Carga ligera detectada (0.004s). Nuevo intervalo: 15s
[2025-12-18 19:22:16] [INFO] ENGINE: No hay tareas para procesar.
[2025-12-18 19:22:16] [DEBUG] [Scheduler] Carga ligera detectada (0.004s). Nuevo intervalo: 15s
[2025-12-18 19:22:30] [INFO] ENGINE: No hay tareas para procesar.
[2025-12-18 19:22:30] [DEBUG] [Scheduler] Carga ligera detectada (0.004s). Nuevo intervalo: 15s
[2025-12-18 19:22:31] [INFO] ENGINE: No hay tareas para procesar.
[2025-12-18 19:22:31] [DEBUG] [Scheduler] Carga ligera detectada (0.004s). Nuevo intervalo: 15s
[2025-12-18 19:22:45] [INFO] ENGINE: No hay tareas para procesar.
[2025-12-18 19:22:45] [DEBUG] [Scheduler] Carga ligera detectada (0.004s). Nuevo intervalo: 15s
[2025-12-18 19:22:46] [INFO] ENGINE: No hay tareas para procesar.
[2025-12-18 19:22:46] [DEBUG] [Scheduler] Carga ligera detectada (0.003s). Nuevo intervalo: 15s
[2025-12-18 19:23:00] [INFO] ENGINE: No hay tareas para procesar.
[2025-12-18 19:23:00] [DEBUG] [Scheduler] Carga ligera detectada (0.004s). Nuevo intervalo: 15s
[2025-12-18 19:23:01] [INFO] ENGINE: No hay tareas para procesar.
[2025-12-18 19:23:01] [DEBUG] [Scheduler] Carga ligera detectada (0.004s). Nuevo intervalo: 15s
[2025-12-18 19:23:15] [INFO] ENGINE: No hay tareas para procesar.
[2025-12-18 19:23:15] [DEBUG] [Scheduler] Carga ligera detectada (0.004s). Nuevo intervalo: 15s
[2025-12-18 19:23:16] [INFO] ENGINE: No hay tareas para procesar.
[2025-12-18 19:23:16] [DEBUG] [Scheduler] Carga ligera detectada (0.003s). Nuevo intervalo: 15s
[2025-12-18 19:23:30] [INFO] ENGINE: No hay tareas para procesar.
[2025-12-18 19:23:30] [DEBUG] [Scheduler] Carga ligera detectada (0.004s). Nuevo intervalo: 15s
[2025-12-18 19:23:31] [INFO] ENGINE: No hay tareas para procesar.
[2025-12-18 19:23:31] [DEBUG] [Scheduler] Carga ligera detectada (0.004s). Nuevo intervalo: 15s
[2025-12-18 19:23:45] [INFO] ENGINE: No hay tareas para procesar.
[2025-12-18 19:23:45] [DEBUG] [Scheduler] Carga ligera detectada (0.004s). Nuevo intervalo: 15s
[2025-12-18 19:23:46] [INFO] ENGINE: No hay tareas para procesar.
[2025-12-18 19:23:46] [DEBUG] [Scheduler] Carga ligera detectada (0.004s). Nuevo intervalo: 15s
[2025-12-18 19:24:00] [INFO] ENGINE: No hay tareas para procesar.
[2025-12-18 19:24:00] [DEBUG] [Scheduler] Carga ligera detectada (0.004s). Nuevo intervalo: 15s
[2025-12-18 19:24:01] [INFO] ENGINE: No hay tareas para procesar.
[2025-12-18 19:24:01] [DEBUG] [Scheduler] Carga ligera detectada (0.003s). Nuevo intervalo: 15s
[2025-12-18 19:24:15] [INFO] ENGINE: No hay tareas para procesar.
[2025-12-18 19:24:15] [DEBUG] [Scheduler] Carga ligera detectada (0.004s). Nuevo intervalo: 15s
[2025-12-18 19:24:16] [INFO] ENGINE: No hay tareas para procesar.
[2025-12-18 19:24:16] [DEBUG] [Scheduler] Carga ligera detectada (0.004s). Nuevo intervalo: 15s
[2025-12-18 19:24:30] [INFO] ENGINE: No hay tareas para procesar.
[2025-12-18 19:24:30] [DEBUG] [Scheduler] Carga ligera detectada (0.004s). Nuevo intervalo: 15s
[2025-12-18 19:24:31] [INFO] ENGINE: No hay tareas para procesar.
[2025-12-18 19:24:31] [DEBUG] [Scheduler] Carga ligera detectada (0.004s). Nuevo intervalo: 15s
[2025-12-18 19:24:45] [INFO] ENGINE: No hay tareas para procesar.
[2025-12-18 19:24:45] [DEBUG] [Scheduler] Carga ligera detectada (0.004s). Nuevo intervalo: 15s
[2025-12-18 19:24:46] [INFO] ENGINE: No hay tareas para procesar.
[2025-12-18 19:24:46] [DEBUG] [Scheduler] Carga ligera detectada (0.004s). Nuevo intervalo: 15s
[2025-12-18 19:25:00] [INFO] ENGINE: No hay tareas para procesar.
[2025-12-18 19:25:00] [DEBUG] [Scheduler] Carga ligera detectada (0.004s). Nuevo intervalo: 15s
[2025-12-18 19:25:01] [INFO] ENGINE: No hay tareas para procesar.
[2025-12-18 19:25:01] [DEBUG] [Scheduler] Carga ligera detectada (0.003s). Nuevo intervalo: 15s
[2025-12-18 19:25:15] [INFO] ENGINE: No hay tareas para procesar.
[2025-12-18 19:25:15] [DEBUG] [Scheduler] Carga ligera detectada (0.004s). Nuevo intervalo: 15s
[2025-12-18 19:25:16] [INFO] ENGINE: No hay tareas para procesar.
[2025-12-18 19:25:16] [DEBUG] [Scheduler] Carga ligera detectada (0.004s). Nuevo intervalo: 15s
[2025-12-18 19:25:30] [INFO] ENGINE: No hay tareas para procesar.
[2025-12-18 19:25:30] [DEBUG] [Scheduler] Carga ligera detectada (0.004s). Nuevo intervalo: 15s
[2025-12-18 19:25:31] [INFO] ENGINE: No hay tareas para procesar.
[2025-12-18 19:25:31] [DEBUG] [Scheduler] Carga ligera detectada (0.004s). Nuevo intervalo: 15s
[2025-12-18 19:25:45] [INFO] ENGINE: No hay tareas para procesar.
[2025-12-18 19:25:45] [DEBUG] [Scheduler] Carga ligera detectada (0.004s). Nuevo intervalo: 15s
[2025-12-18 19:25:46] [INFO] ENGINE: No hay tareas para procesar.
[2025-12-18 19:25:46] [DEBUG] [Scheduler] Carga ligera detectada (0.004s). Nuevo intervalo: 15s
[2025-12-18 19:26:00] [INFO] ENGINE: No hay tareas para procesar.
[2025-12-18 19:26:00] [DEBUG] [Scheduler] Carga ligera detectada (0.004s). Nuevo intervalo: 15s
[2025-12-18 19:26:01] [INFO] ENGINE: No hay tareas para procesar.
[2025-12-18 19:26:01] [DEBUG] [Scheduler] Carga ligera detectada (0.003s). Nuevo intervalo: 15s
[2025-12-18 19:26:15] [INFO] ENGINE: No hay tareas para procesar.
[2025-12-18 19:26:15] [DEBUG] [Scheduler] Carga ligera detectada (0.004s). Nuevo intervalo: 15s
[2025-12-18 19:26:16] [INFO] ENGINE: No hay tareas para procesar.
[2025-12-18 19:26:16] [DEBUG] [Scheduler] Carga ligera detectada (0.004s). Nuevo intervalo: 15s
[2025-12-18 19:26:30] [INFO] ENGINE: No hay tareas para procesar.
[2025-12-18 19:26:30] [DEBUG] [Scheduler] Carga ligera detectada (0.004s). Nuevo intervalo: 15s
[2025-12-18 19:26:31] [INFO] ENGINE: No hay tareas para procesar.
[2025-12-18 19:26:31] [DEBUG] [Scheduler] Carga ligera detectada (0.004s). Nuevo intervalo: 15s
[2025-12-18 19:26:45] [INFO] ENGINE: No hay tareas para procesar.
[2025-12-18 19:26:45] [DEBUG] [Scheduler] Carga ligera detectada (0.004s). Nuevo intervalo: 15s
[2025-12-18 19:26:46] [INFO] ENGINE: No hay tareas para procesar.
[2025-12-18 19:26:46] [DEBUG] [Scheduler] Carga ligera detectada (0.003s). Nuevo intervalo: 15s
[2025-12-18 19:27:00] [INFO] ENGINE: No hay tareas para procesar.
[2025-12-18 19:27:00] [DEBUG] [Scheduler] Carga ligera detectada (0.004s). Nuevo intervalo: 15s
[2025-12-18 19:27:01] [INFO] ENGINE: No hay tareas para procesar.
[2025-12-18 19:27:01] [DEBUG] [Scheduler] Carga ligera detectada (0.003s). Nuevo intervalo: 15s
[2025-12-18 19:27:15] [INFO] ENGINE: No hay tareas para procesar.
[2025-12-18 19:27:15] [DEBUG] [Scheduler] Carga ligera detectada (0.004s). Nuevo intervalo: 15s
[2025-12-18 19:27:16] [INFO] ENGINE: No hay tareas para procesar.
[2025-12-18 19:27:16] [DEBUG] [Scheduler] Carga ligera detectada (0.004s). Nuevo intervalo: 15s
[2025-12-18 19:27:30] [INFO] ENGINE: No hay tareas para procesar.
[2025-12-18 19:27:30] [DEBUG] [Scheduler] Carga ligera detectada (0.004s). Nuevo intervalo: 15s
[2025-12-18 19:27:31] [INFO] ENGINE: No hay tareas para procesar.
[2025-12-18 19:27:31] [DEBUG] [Scheduler] Carga ligera detectada (0.004s). Nuevo intervalo: 15s
[2025-12-18 19:27:45] [INFO] ENGINE: No hay tareas para procesar.
[2025-12-18 19:27:45] [DEBUG] [Scheduler] Carga ligera detectada (0.004s). Nuevo intervalo: 15s
[2025-12-18 19:27:46] [INFO] ENGINE: No hay tareas para procesar.
[2025-12-18 19:27:46] [DEBUG] [Scheduler] Carga ligera detectada (0.004s). Nuevo intervalo: 15s
[2025-12-18 19:28:00] [INFO] ENGINE: No hay tareas para procesar.
[2025-12-18 19:28:00] [DEBUG] [Scheduler] Carga ligera detectada (0.003s). Nuevo intervalo: 15s
[2025-12-18 19:28:01] [INFO] ENGINE: No hay tareas para procesar.
[2025-12-18 19:28:01] [DEBUG] [Scheduler] Carga ligera detectada (0.003s). Nuevo intervalo: 15s
[2025-12-18 19:28:15] [INFO] ENGINE: No hay tareas para procesar.
[2025-12-18 19:28:15] [DEBUG] [Scheduler] Carga ligera detectada (0.004s). Nuevo intervalo: 15s
[2025-12-18 19:28:16] [INFO] ENGINE: No hay tareas para procesar.
[2025-12-18 19:28:16] [DEBUG] [Scheduler] Carga ligera detectada (0.003s). Nuevo intervalo: 15s
[2025-12-18 19:28:30] [INFO] ENGINE: No hay tareas para procesar.
[2025-12-18 19:28:30] [DEBUG] [Scheduler] Carga ligera detectada (0.004s). Nuevo intervalo: 15s
[2025-12-18 19:28:31] [INFO] ENGINE: No hay tareas para procesar.
[2025-12-18 19:28:31] [DEBUG] [Scheduler] Carga ligera detectada (0.004s). Nuevo intervalo: 15s
[2025-12-18 19:28:45] [INFO] ENGINE: No hay tareas para procesar.
[2025-12-18 19:28:45] [DEBUG] [Scheduler] Carga ligera detectada (0.004s). Nuevo intervalo: 15s
[2025-12-18 19:28:46] [INFO] ENGINE: No hay tareas para procesar.
[2025-12-18 19:28:46] [DEBUG] [Scheduler] Carga ligera detectada (0.004s). Nuevo intervalo: 15s
[2025-12-18 19:29:00] [INFO] ENGINE: No hay tareas para procesar.
[2025-12-18 19:29:00] [DEBUG] [Scheduler] Carga ligera detectada (0.004s). Nuevo intervalo: 15s
[2025-12-18 19:29:01] [INFO] ENGINE: No hay tareas para procesar.
[2025-12-18 19:29:01] [DEBUG] [Scheduler] Carga ligera detectada (0.003s). Nuevo intervalo: 15s
[2025-12-18 19:29:15] [INFO] ENGINE: No hay tareas para procesar.
[2025-12-18 19:29:15] [DEBUG] [Scheduler] Carga ligera detectada (0.004s). Nuevo intervalo: 15s
[2025-12-18 19:29:16] [INFO] ENGINE: No hay tareas para procesar.
[2025-12-18 19:29:16] [DEBUG] [Scheduler] Carga ligera detectada (0.003s). Nuevo intervalo: 15s
[2025-12-18 19:29:30] [INFO] ENGINE: No hay tareas para procesar.
[2025-12-18 19:29:30] [DEBUG] [Scheduler] Carga ligera detectada (0.004s). Nuevo intervalo: 15s
[2025-12-18 19:29:31] [INFO] ENGINE: No hay tareas para procesar.
[2025-12-18 19:29:31] [DEBUG] [Scheduler] Carga ligera detectada (0.004s). Nuevo intervalo: 15s
[2025-12-18 19:29:45] [INFO] ENGINE: No hay tareas para procesar.
[2025-12-18 19:29:45] [DEBUG] [Scheduler] Carga ligera detectada (0.004s). Nuevo intervalo: 15s
[2025-12-18 19:29:46] [INFO] ENGINE: No hay tareas para procesar.
[2025-12-18 19:29:46] [DEBUG] [Scheduler] Carga ligera detectada (0.005s). Nuevo intervalo: 15s
[2025-12-18 19:30:00] [INFO] ENGINE: No hay tareas para procesar.
[2025-12-18 19:30:00] [DEBUG] [Scheduler] Carga ligera detectada (0.003s). Nuevo intervalo: 15s
[2025-12-18 19:30:01] [INFO] ENGINE: No hay tareas para procesar.
[2025-12-18 19:30:01] [DEBUG] [Scheduler] Carga ligera detectada (0.004s). Nuevo intervalo: 15s
[2025-12-18 19:30:15] [INFO] ENGINE: No hay tareas para procesar.
[2025-12-18 19:30:15] [DEBUG] [Scheduler] Carga ligera detectada (0.004s). Nuevo intervalo: 15s
[2025-12-18 19:30:16] [INFO] ENGINE: No hay tareas para procesar.
[2025-12-18 19:30:16] [DEBUG] [Scheduler] Carga ligera detectada (0.004s). Nuevo intervalo: 15s
[2025-12-18 19:30:30] [INFO] ENGINE: No hay tareas para procesar.
[2025-12-18 19:30:30] [DEBUG] [Scheduler] Carga ligera detectada (0.004s). Nuevo intervalo: 15s
[2025-12-18 19:30:31] [INFO] ENGINE: No hay tareas para procesar.
[2025-12-18 19:30:31] [DEBUG] [Scheduler] Carga ligera detectada (0.004s). Nuevo intervalo: 15s
[2025-12-18 19:30:45] [INFO] ENGINE: No hay tareas para procesar.
[2025-12-18 19:30:45] [DEBUG] [Scheduler] Carga ligera detectada (0.004s). Nuevo intervalo: 15s
[2025-12-18 19:30:46] [INFO] ENGINE: No hay tareas para procesar.
[2025-12-18 19:30:46] [DEBUG] [Scheduler] Carga ligera detectada (0.004s). Nuevo intervalo: 15s
[2025-12-18 19:31:00] [INFO] ENGINE: No hay tareas para procesar.
[2025-12-18 19:31:00] [DEBUG] [Scheduler] Carga ligera detectada (0.004s). Nuevo intervalo: 15s
[2025-12-18 19:31:01] [INFO] ENGINE: No hay tareas para procesar.
[2025-12-18 19:31:01] [DEBUG] [Scheduler] Carga ligera detectada (0.004s). Nuevo intervalo: 15s
[2025-12-18 19:31:15] [INFO] ENGINE: No hay tareas para procesar.
[2025-12-18 19:31:15] [DEBUG] [Scheduler] Carga ligera detectada (0.004s). Nuevo intervalo: 15s
[2025-12-18 19:31:16] [INFO] ENGINE: No hay tareas para procesar.
[2025-12-18 19:31:16] [DEBUG] [Scheduler] Carga ligera detectada (0.004s). Nuevo intervalo: 15s
[2025-12-18 19:31:30] [INFO] ENGINE: No hay tareas para procesar.
[2025-12-18 19:31:31] [DEBUG] [Scheduler] Carga ligera detectada (0.004s). Nuevo intervalo: 15s
[2025-12-18 19:31:31] [INFO] ENGINE: No hay tareas para procesar.
[2025-12-18 19:31:31] [DEBUG] [Scheduler] Carga ligera detectada (0.003s). Nuevo intervalo: 15s
[2025-12-18 19:31:46] [INFO] ENGINE: No hay tareas para procesar.
[2025-12-18 19:31:46] [DEBUG] [Scheduler] Carga ligera detectada (0.004s). Nuevo intervalo: 15s
[2025-12-18 19:31:46] [INFO] ENGINE: No hay tareas para procesar.
[2025-12-18 19:31:46] [DEBUG] [Scheduler] Carga ligera detectada (0.004s). Nuevo intervalo: 15s
[2025-12-18 19:32:01] [INFO] ENGINE: No hay tareas para procesar.
[2025-12-18 19:32:01] [DEBUG] [Scheduler] Carga ligera detectada (0.004s). Nuevo intervalo: 15s
[2025-12-18 19:32:01] [INFO] ENGINE: No hay tareas para procesar.
[2025-12-18 19:32:01] [DEBUG] [Scheduler] Carga ligera detectada (0.003s). Nuevo intervalo: 15s
[2025-12-18 19:32:16] [INFO] ENGINE: No hay tareas para procesar.
[2025-12-18 19:32:16] [DEBUG] [Scheduler] Carga ligera detectada (0.004s). Nuevo intervalo: 15s
[2025-12-18 19:32:16] [INFO] ENGINE: No hay tareas para procesar.
[2025-12-18 19:32:16] [DEBUG] [Scheduler] Carga ligera detectada (0.004s). Nuevo intervalo: 15s
[2025-12-18 19:32:31] [INFO] ENGINE: No hay tareas para procesar.
[2025-12-18 19:32:31] [DEBUG] [Scheduler] Carga ligera detectada (0.004s). Nuevo intervalo: 15s
[2025-12-18 19:32:31] [INFO] ENGINE: No hay tareas para procesar.
[2025-12-18 19:32:31] [DEBUG] [Scheduler] Carga ligera detectada (0.003s). Nuevo intervalo: 15s
[2025-12-18 19:32:46] [INFO] ENGINE: No hay tareas para procesar.
[2025-12-18 19:32:46] [DEBUG] [Scheduler] Carga ligera detectada (0.003s). Nuevo intervalo: 15s
[2025-12-18 19:32:46] [INFO] ENGINE: No hay tareas para procesar.
[2025-12-18 19:32:46] [DEBUG] [Scheduler] Carga ligera detectada (0.003s). Nuevo intervalo: 15s
[2025-12-18 19:33:01] [INFO] ENGINE: No hay tareas para procesar.
[2025-12-18 19:33:01] [DEBUG] [Scheduler] Carga ligera detectada (0.004s). Nuevo intervalo: 15s
[2025-12-18 19:33:01] [INFO] ENGINE: No hay tareas para procesar.
[2025-12-18 19:33:01] [DEBUG] [Scheduler] Carga ligera detectada (0.003s). Nuevo intervalo: 15s
[2025-12-18 19:33:16] [INFO] ENGINE: No hay tareas para procesar.
[2025-12-18 19:33:16] [DEBUG] [Scheduler] Carga ligera detectada (0.004s). Nuevo intervalo: 15s
[2025-12-18 19:33:16] [INFO] ENGINE: No hay tareas para procesar.
[2025-12-18 19:33:16] [DEBUG] [Scheduler] Carga ligera detectada (0.003s). Nuevo intervalo: 15s
[2025-12-18 19:33:31] [INFO] ENGINE: No hay tareas para procesar.
[2025-12-18 19:33:31] [DEBUG] [Scheduler] Carga ligera detectada (0.004s). Nuevo intervalo: 15s
[2025-12-18 19:33:31] [INFO] ENGINE: No hay tareas para procesar.
[2025-12-18 19:33:31] [DEBUG] [Scheduler] Carga ligera detectada (0.004s). Nuevo intervalo: 15s
[2025-12-18 19:33:46] [INFO] ENGINE: No hay tareas para procesar.
[2025-12-18 19:33:46] [DEBUG] [Scheduler] Carga ligera detectada (0.004s). Nuevo intervalo: 15s
[2025-12-18 19:33:46] [INFO] ENGINE: No hay tareas para procesar.
[2025-12-18 19:33:46] [DEBUG] [Scheduler] Carga ligera detectada (0.004s). Nuevo intervalo: 15s
[2025-12-18 19:34:01] [INFO] ENGINE: No hay tareas para procesar.
[2025-12-18 19:34:01] [DEBUG] [Scheduler] Carga ligera detectada (0.004s). Nuevo intervalo: 15s
[2025-12-18 19:34:01] [INFO] ENGINE: No hay tareas para procesar.
[2025-12-18 19:34:01] [DEBUG] [Scheduler] Carga ligera detectada (0.003s). Nuevo intervalo: 15s
